<?xml version="1.0" encoding="UTF-8"?>
<testng-results ignored="0" total="2" passed="2" failed="0" skipped="0">
  <reporter-output>
    <line>
      <![CDATA[<a target = "_blank" href = "./ss.jpg">ss</a>]]>
    </line>
    <line>
      <![CDATA[<br>]]>
    </line>
    <line>
      <![CDATA[<a target = "_blank" href = ".//ss.jpg"><img src="./ss.jpg" height=200 width=200> </img></a>]]>
    </line>
  </reporter-output>
  <suite started-at="2024-04-29T16:07:14 IST" name="Data Driven" finished-at="2024-04-29T16:07:48 IST" duration-ms="34195">
    <groups>
    </groups>
    <test started-at="2024-04-29T16:07:14 IST" name="BankMangerLoginTest" finished-at="2024-04-29T16:07:16 IST" duration-ms="2600">
      <class name="testcases.LoginTest">
        <test-method signature="loginAsBankManager()[pri:0, instance:testcases.LoginTest@17497425]" started-at="2024-04-29T16:07:14 IST" name="loginAsBankManager" finished-at="2024-04-29T16:07:16 IST" duration-ms="2550" status="PASS">
          <reporter-output>
          </reporter-output>
        </test-method> <!-- loginAsBankManager -->
      </class> <!-- testcases.LoginTest -->
    </test> <!-- BankMangerLoginTest -->
    <test started-at="2024-04-29T16:07:21 IST" name="AddCustomerTest" finished-at="2024-04-29T16:07:48 IST" duration-ms="26512">
      <class name="testcases.AddCustomerTest">
        <test-method is-config="true" signature="setUp()[pri:0, instance:testcases.AddCustomerTest@54e1c68b]" started-at="2024-04-29T16:07:01 IST" name="setUp" finished-at="2024-04-29T16:07:14 IST" duration-ms="12777" status="PASS">
          <reporter-output>
          </reporter-output>
        </test-method> <!-- setUp -->
        <test-method signature="addCustomer(java.lang.String,java.lang.String,java.lang.String,java.lang.String)[pri:0, instance:testcases.AddCustomerTest@54e1c68b]" started-at="2024-04-29T16:07:22 IST" name="addCustomer" data-provider="abcde" finished-at="2024-04-29T16:07:48 IST" duration-ms="25562" status="PASS">
          <params>
            <param index="0">
              <value>
                <![CDATA[Shivam]]>
              </value>
            </param>
            <param index="1">
              <value>
                <![CDATA[Sinha]]>
              </value>
            </param>
            <param index="2">
              <value>
                <![CDATA[800020]]>
              </value>
            </param>
            <param index="3">
              <value>
                <![CDATA[Customer added successfully]]>
              </value>
            </param>
          </params>
          <reporter-output>
            <line>
              <![CDATA[<a target = "_blank" href = "./ss.jpg">ss</a>]]>
            </line>
            <line>
              <![CDATA[<br>]]>
            </line>
            <line>
              <![CDATA[<a target = "_blank" href = ".//ss.jpg"><img src="./ss.jpg" height=200 width=200> </img></a>]]>
            </line>
          </reporter-output>
        </test-method> <!-- addCustomer -->
        <test-method is-config="true" signature="tearDown()[pri:0, instance:testcases.AddCustomerTest@54e1c68b]" started-at="2024-04-29T16:07:53 IST" name="tearDown" finished-at="2024-04-29T16:07:53 IST" duration-ms="193" status="PASS">
          <reporter-output>
          </reporter-output>
        </test-method> <!-- tearDown -->
      </class> <!-- testcases.AddCustomerTest -->
    </test> <!-- AddCustomerTest -->
  </suite> <!-- Data Driven -->
</testng-results>
